<?xml version="1.0" encoding="UTF-8"?>
<!-- Generated by org.testng.reporters.JUnitReportReporter -->
<testsuite hostname="5420-TI13430" failures="0" tests="1" name="Runer.Runner_cuck_testng" time="435.602" errors="0" timestamp="2024-06-12T17:36:41 IST" skipped="0">
  <testcase classname="Runer.Runner_cuck_testng" name="runScenario" time="435.602"/>
  <system-out/>
</testsuite> <!-- Runer.Runner_cuck_testng -->
