<?xml version="1.0" encoding="UTF-8"?>
<!-- Generated by org.testng.reporters.JUnitReportReporter -->
<testsuite hostname="LAPTOP-TUN1U03P" failures="0" tests="2" name="runner.RunCuke" time="22.059" errors="0" timestamp="2023-01-22T16:16:56 IST" skipped="0">
  <testcase classname="runner.RunCuke" name="runScenario" time="12.876"/>
  <system-out/>
  <testcase classname="runner.RunCuke" name="runScenario" time="9.183"/>
  <system-out/>
</testsuite> <!-- runner.RunCuke -->
